[0.007s] Invoking command in '/home/jagroop/dev_ws/build/my_bot': CMAKE_PREFIX_PATH=${CMAKE_PREFIX_PATH}:/opt/ros/foxy /usr/bin/cmake /home/jagroop/dev_ws -DAMENT_CMAKE_SYMLINK_INSTALL=1 -DCMAKE_INSTALL_PREFIX=/home/jagroop/dev_ws/install/my_bot
[0.048s] -- The C compiler identification is GNU 9.4.0
[0.089s] -- The CXX compiler identification is GNU 9.4.0
[0.093s] -- Check for working C compiler: /usr/bin/cc
[0.147s] -- Check for working C compiler: /usr/bin/cc -- works
[0.147s] -- Detecting C compiler ABI info
[0.200s] -- Detecting C compiler ABI info - done
[0.205s] -- Detecting C compile features
[0.206s] -- Detecting C compile features - done
[0.207s] -- Check for working CXX compiler: /usr/bin/c++
[0.266s] -- Check for working CXX compiler: /usr/bin/c++ -- works
[0.267s] -- Detecting CXX compiler ABI info
[0.337s] -- Detecting CXX compiler ABI info - done
[0.343s] -- Detecting CXX compile features
[0.343s] -- Detecting CXX compile features - done
[0.345s] -- Found ament_cmake: 0.9.12 (/opt/ros/foxy/share/ament_cmake/cmake)
[0.362s] -- Found PythonInterp: /usr/bin/python3 (found suitable version "3.8.10", minimum required is "3") 
[0.362s] -- Using PYTHON_EXECUTABLE: /usr/bin/python3
[0.444s] -- Override CMake install command with custom implementation using symlinks instead of copying resources
[0.459s] -- Found ament_lint_auto: 0.9.8 (/opt/ros/foxy/share/ament_lint_auto/cmake)
[0.498s] -- Added test 'copyright' to check source files copyright and LICENSE
[0.518s] -- Added test 'cppcheck' to perform static code analysis on C / C++ code
[0.518s] -- Configured cppcheck include dirs: 
[0.518s] -- Configured cppcheck exclude dirs and/or files: 
[0.538s] -- Added test 'cpplint' to check C / C++ code against the Google style
[0.538s] -- Configured cpplint exclude dirs and/or files: 
[0.541s] -- Added test 'flake8' to check Python code syntax and style conventions
[0.546s] -- Added test 'lint_cmake' to check CMake code style
[0.548s] -- Added test 'pep257' to check Python code against some of the style conventions in PEP 257
[0.570s] -- Added test 'uncrustify' to check C / C++ code style
[0.570s] -- Configured uncrustify additional arguments: 
[0.573s] -- Added test 'xmllint' to check XML markup files
[0.574s] -- Configuring done
[0.575s] -- Generating done
[0.576s] -- Build files have been written to: /home/jagroop/dev_ws/build/my_bot
[0.578s] Invoked command in '/home/jagroop/dev_ws/build/my_bot' returned '0': CMAKE_PREFIX_PATH=${CMAKE_PREFIX_PATH}:/opt/ros/foxy /usr/bin/cmake /home/jagroop/dev_ws -DAMENT_CMAKE_SYMLINK_INSTALL=1 -DCMAKE_INSTALL_PREFIX=/home/jagroop/dev_ws/install/my_bot
[0.581s] Invoking command in '/home/jagroop/dev_ws/build/my_bot': CMAKE_PREFIX_PATH=${CMAKE_PREFIX_PATH}:/opt/ros/foxy /usr/bin/cmake --build /home/jagroop/dev_ws/build/my_bot -- -j12 -l12
[0.611s] Invoked command in '/home/jagroop/dev_ws/build/my_bot' returned '0': CMAKE_PREFIX_PATH=${CMAKE_PREFIX_PATH}:/opt/ros/foxy /usr/bin/cmake --build /home/jagroop/dev_ws/build/my_bot -- -j12 -l12
[0.619s] Invoking command in '/home/jagroop/dev_ws/build/my_bot': CMAKE_PREFIX_PATH=${CMAKE_PREFIX_PATH}:/opt/ros/foxy /usr/bin/cmake --install /home/jagroop/dev_ws/build/my_bot
[0.623s] -- Install configuration: ""
[0.623s] -- Execute custom install script
[0.624s] -- Symlinking: /home/jagroop/dev_ws/install/my_bot/share/my_bot/config/drive_bot.rviz
[0.632s] -- Symlinking: /home/jagroop/dev_ws/install/my_bot/share/my_bot/config/empty.yaml
[0.637s] -- Symlinking: /home/jagroop/dev_ws/install/my_bot/share/my_bot/config/view_bot.rviz
[0.642s] -- Symlinking: /home/jagroop/dev_ws/install/my_bot/share/my_bot/description/gazebo_control.xacro
[0.648s] -- Symlinking: /home/jagroop/dev_ws/install/my_bot/share/my_bot/description/inertial_macros.xacro
[0.653s] -- Symlinking: /home/jagroop/dev_ws/install/my_bot/share/my_bot/description/meshes/base_link.STL
[0.658s] -- Symlinking: /home/jagroop/dev_ws/install/my_bot/share/my_bot/description/meshes/camera_link.STL
[0.663s] -- Symlinking: /home/jagroop/dev_ws/install/my_bot/share/my_bot/description/meshes/caster_wheel.STL
[0.668s] -- Symlinking: /home/jagroop/dev_ws/install/my_bot/share/my_bot/description/meshes/laser_frame.STL
[0.673s] -- Symlinking: /home/jagroop/dev_ws/install/my_bot/share/my_bot/description/meshes/left_wheel.STL
[0.678s] -- Symlinking: /home/jagroop/dev_ws/install/my_bot/share/my_bot/description/meshes/right_wheel.STL
[0.683s] -- Symlinking: /home/jagroop/dev_ws/install/my_bot/share/my_bot/description/robot.urdf.xacro
[0.688s] -- Symlinking: /home/jagroop/dev_ws/install/my_bot/share/my_bot/description/robot_core.xacro
[0.697s] -- Symlinking: /home/jagroop/dev_ws/install/my_bot/share/my_bot/launch/launch_sim.launch.py
[0.702s] -- Symlinking: /home/jagroop/dev_ws/install/my_bot/share/my_bot/launch/rsp.launch.py
[0.707s] -- Symlinking: /home/jagroop/dev_ws/install/my_bot/share/my_bot/worlds/empty.world
[0.712s] -- Symlinking: /home/jagroop/dev_ws/install/my_bot/share/my_bot/worlds/obstacle.world
[0.717s] -- Symlinking: /home/jagroop/dev_ws/install/my_bot/share/ament_index/resource_index/package_run_dependencies/my_bot
[0.723s] -- Symlinking: /home/jagroop/dev_ws/install/my_bot/share/ament_index/resource_index/parent_prefix_path/my_bot
[0.731s] -- Symlinking: /home/jagroop/dev_ws/install/my_bot/share/my_bot/environment/ament_prefix_path.sh
[0.736s] -- Symlinking: /home/jagroop/dev_ws/install/my_bot/share/my_bot/environment/ament_prefix_path.dsv
[0.744s] -- Symlinking: /home/jagroop/dev_ws/install/my_bot/share/my_bot/environment/path.sh
[0.749s] -- Symlinking: /home/jagroop/dev_ws/install/my_bot/share/my_bot/environment/path.dsv
[0.754s] -- Symlinking: /home/jagroop/dev_ws/install/my_bot/share/my_bot/local_setup.bash
[0.763s] -- Symlinking: /home/jagroop/dev_ws/install/my_bot/share/my_bot/local_setup.sh
[0.768s] -- Symlinking: /home/jagroop/dev_ws/install/my_bot/share/my_bot/local_setup.zsh
[0.773s] -- Symlinking: /home/jagroop/dev_ws/install/my_bot/share/my_bot/local_setup.dsv
[0.782s] -- Symlinking: /home/jagroop/dev_ws/install/my_bot/share/my_bot/package.dsv
[0.791s] -- Symlinking: /home/jagroop/dev_ws/install/my_bot/share/ament_index/resource_index/packages/my_bot
[0.796s] -- Symlinking: /home/jagroop/dev_ws/install/my_bot/share/my_bot/cmake/my_botConfig.cmake
[0.801s] -- Symlinking: /home/jagroop/dev_ws/install/my_bot/share/my_bot/cmake/my_botConfig-version.cmake
[0.807s] -- Symlinking: /home/jagroop/dev_ws/install/my_bot/share/my_bot/package.xml
[0.814s] Invoked command in '/home/jagroop/dev_ws/build/my_bot' returned '0': CMAKE_PREFIX_PATH=${CMAKE_PREFIX_PATH}:/opt/ros/foxy /usr/bin/cmake --install /home/jagroop/dev_ws/build/my_bot
