[0.008s] Invoking command in '/home/jagroop/dev_ws/build/my_bot': CMAKE_PREFIX_PATH=${CMAKE_PREFIX_PATH}:/opt/ros/foxy /usr/bin/cmake /home/jagroop/dev_ws -DAMENT_CMAKE_SYMLINK_INSTALL=1 -DCMAKE_INSTALL_PREFIX=/home/jagroop/dev_ws/install/my_bot
[0.024s] -- Found ament_cmake: 0.9.12 (/opt/ros/foxy/share/ament_cmake/cmake)
[0.041s] -- Using PYTHON_EXECUTABLE: /usr/bin/python3
[0.126s] -- Override CMake install command with custom implementation using symlinks instead of copying resources
[0.139s] -- Found ament_lint_auto: 0.9.8 (/opt/ros/foxy/share/ament_lint_auto/cmake)
[0.182s] -- Added test 'copyright' to check source files copyright and LICENSE
[0.218s] -- Added test 'cppcheck' to perform static code analysis on C / C++ code
[0.218s] -- Configured cppcheck include dirs: 
[0.218s] -- Configured cppcheck exclude dirs and/or files: 
[0.247s] -- Added test 'cpplint' to check C / C++ code against the Google style
[0.247s] -- Configured cpplint exclude dirs and/or files: 
[0.251s] -- Added test 'flake8' to check Python code syntax and style conventions
[0.259s] -- Added test 'lint_cmake' to check CMake code style
[0.262s] -- Added test 'pep257' to check Python code against some of the style conventions in PEP 257
[0.292s] -- Added test 'uncrustify' to check C / C++ code style
[0.292s] -- Configured uncrustify additional arguments: 
[0.296s] -- Added test 'xmllint' to check XML markup files
[0.297s] -- Configuring done
[0.300s] -- Generating done
[0.301s] -- Build files have been written to: /home/jagroop/dev_ws/build/my_bot
[0.303s] Invoked command in '/home/jagroop/dev_ws/build/my_bot' returned '0': CMAKE_PREFIX_PATH=${CMAKE_PREFIX_PATH}:/opt/ros/foxy /usr/bin/cmake /home/jagroop/dev_ws -DAMENT_CMAKE_SYMLINK_INSTALL=1 -DCMAKE_INSTALL_PREFIX=/home/jagroop/dev_ws/install/my_bot
[0.306s] Invoking command in '/home/jagroop/dev_ws/build/my_bot': CMAKE_PREFIX_PATH=${CMAKE_PREFIX_PATH}:/opt/ros/foxy /usr/bin/cmake --build /home/jagroop/dev_ws/build/my_bot -- -j12 -l12
[0.336s] Invoked command in '/home/jagroop/dev_ws/build/my_bot' returned '0': CMAKE_PREFIX_PATH=${CMAKE_PREFIX_PATH}:/opt/ros/foxy /usr/bin/cmake --build /home/jagroop/dev_ws/build/my_bot -- -j12 -l12
[0.348s] Invoking command in '/home/jagroop/dev_ws/build/my_bot': CMAKE_PREFIX_PATH=${CMAKE_PREFIX_PATH}:/opt/ros/foxy /usr/bin/cmake --install /home/jagroop/dev_ws/build/my_bot
[0.352s] -- Install configuration: ""
[0.352s] -- Execute custom install script
[0.353s] -- Up-to-date symlink: /home/jagroop/dev_ws/install/my_bot/share/my_bot/config/drive_bot.rviz
[0.353s] -- Up-to-date symlink: /home/jagroop/dev_ws/install/my_bot/share/my_bot/config/empty.yaml
[0.353s] -- Up-to-date symlink: /home/jagroop/dev_ws/install/my_bot/share/my_bot/config/view_bot.rviz
[0.353s] -- Up-to-date symlink: /home/jagroop/dev_ws/install/my_bot/share/my_bot/description/gazebo_control.xacro
[0.353s] -- Up-to-date symlink: /home/jagroop/dev_ws/install/my_bot/share/my_bot/description/inertial_macros.xacro
[0.353s] -- Symlinking: /home/jagroop/dev_ws/install/my_bot/share/my_bot/description/meshes/Lidar collision.STL
[0.361s] -- Up-to-date symlink: /home/jagroop/dev_ws/install/my_bot/share/my_bot/description/meshes/base_link.STL
[0.362s] -- Symlinking: /home/jagroop/dev_ws/install/my_bot/share/my_bot/description/meshes/camera collision.STL
[0.367s] -- Up-to-date symlink: /home/jagroop/dev_ws/install/my_bot/share/my_bot/description/meshes/camera_link.STL
[0.367s] -- Up-to-date symlink: /home/jagroop/dev_ws/install/my_bot/share/my_bot/description/meshes/caster_wheel.STL
[0.367s] -- Up-to-date symlink: /home/jagroop/dev_ws/install/my_bot/share/my_bot/description/meshes/laser_frame.STL
[0.367s] -- Up-to-date symlink: /home/jagroop/dev_ws/install/my_bot/share/my_bot/description/meshes/left_wheel.STL
[0.367s] -- Up-to-date symlink: /home/jagroop/dev_ws/install/my_bot/share/my_bot/description/meshes/right_wheel.STL
[0.367s] -- Up-to-date symlink: /home/jagroop/dev_ws/install/my_bot/share/my_bot/description/robot.urdf.xacro
[0.367s] -- Up-to-date symlink: /home/jagroop/dev_ws/install/my_bot/share/my_bot/description/robot_core.xacro
[0.368s] -- Up-to-date symlink: /home/jagroop/dev_ws/install/my_bot/share/my_bot/launch/launch_sim.launch.py
[0.368s] -- Up-to-date symlink: /home/jagroop/dev_ws/install/my_bot/share/my_bot/launch/rsp.launch.py
[0.368s] -- Up-to-date symlink: /home/jagroop/dev_ws/install/my_bot/share/my_bot/worlds/empty.world
[0.368s] -- Up-to-date symlink: /home/jagroop/dev_ws/install/my_bot/share/my_bot/worlds/obstacle.world
[0.369s] -- Up-to-date symlink: /home/jagroop/dev_ws/install/my_bot/share/ament_index/resource_index/package_run_dependencies/my_bot
[0.369s] -- Up-to-date symlink: /home/jagroop/dev_ws/install/my_bot/share/ament_index/resource_index/parent_prefix_path/my_bot
[0.369s] -- Up-to-date symlink: /home/jagroop/dev_ws/install/my_bot/share/my_bot/environment/ament_prefix_path.sh
[0.369s] -- Up-to-date symlink: /home/jagroop/dev_ws/install/my_bot/share/my_bot/environment/ament_prefix_path.dsv
[0.370s] -- Up-to-date symlink: /home/jagroop/dev_ws/install/my_bot/share/my_bot/environment/path.sh
[0.370s] -- Up-to-date symlink: /home/jagroop/dev_ws/install/my_bot/share/my_bot/environment/path.dsv
[0.370s] -- Up-to-date symlink: /home/jagroop/dev_ws/install/my_bot/share/my_bot/local_setup.bash
[0.370s] -- Up-to-date symlink: /home/jagroop/dev_ws/install/my_bot/share/my_bot/local_setup.sh
[0.371s] -- Up-to-date symlink: /home/jagroop/dev_ws/install/my_bot/share/my_bot/local_setup.zsh
[0.371s] -- Up-to-date symlink: /home/jagroop/dev_ws/install/my_bot/share/my_bot/local_setup.dsv
[0.371s] -- Symlinking: /home/jagroop/dev_ws/install/my_bot/share/my_bot/package.dsv
[0.379s] -- Up-to-date symlink: /home/jagroop/dev_ws/install/my_bot/share/ament_index/resource_index/packages/my_bot
[0.379s] -- Up-to-date symlink: /home/jagroop/dev_ws/install/my_bot/share/my_bot/cmake/my_botConfig.cmake
[0.379s] -- Up-to-date symlink: /home/jagroop/dev_ws/install/my_bot/share/my_bot/cmake/my_botConfig-version.cmake
[0.379s] -- Up-to-date symlink: /home/jagroop/dev_ws/install/my_bot/share/my_bot/package.xml
[0.381s] Invoked command in '/home/jagroop/dev_ws/build/my_bot' returned '0': CMAKE_PREFIX_PATH=${CMAKE_PREFIX_PATH}:/opt/ros/foxy /usr/bin/cmake --install /home/jagroop/dev_ws/build/my_bot
