[0.008s] Invoking command in '/home/jagroop/dev_ws/build/my_bot': CMAKE_PREFIX_PATH=${CMAKE_PREFIX_PATH}:/opt/ros/foxy /usr/bin/cmake /home/jagroop/dev_ws -DCMAKE_INSTALL_PREFIX=/home/jagroop/dev_ws/install/my_bot
[0.020s] -- Found ament_cmake: 0.9.12 (/opt/ros/foxy/share/ament_cmake/cmake)
[0.033s] -- Using PYTHON_EXECUTABLE: /usr/bin/python3
[0.108s] -- Override CMake install command with custom implementation using symlinks instead of copying resources
[0.115s] -- Found ament_lint_auto: 0.9.8 (/opt/ros/foxy/share/ament_lint_auto/cmake)
[0.148s] -- Added test 'copyright' to check source files copyright and LICENSE
[0.177s] -- Added test 'cppcheck' to perform static code analysis on C / C++ code
[0.177s] -- Configured cppcheck include dirs: 
[0.177s] -- Configured cppcheck exclude dirs and/or files: 
[0.205s] -- Added test 'cpplint' to check C / C++ code against the Google style
[0.205s] -- Configured cpplint exclude dirs and/or files: 
[0.210s] -- Added test 'flake8' to check Python code syntax and style conventions
[0.217s] -- Added test 'lint_cmake' to check CMake code style
[0.220s] -- Added test 'pep257' to check Python code against some of the style conventions in PEP 257
[0.248s] -- Added test 'uncrustify' to check C / C++ code style
[0.248s] -- Configured uncrustify additional arguments: 
[0.252s] -- Added test 'xmllint' to check XML markup files
[0.253s] -- Configuring done
[0.254s] -- Generating done
[0.255s] -- Build files have been written to: /home/jagroop/dev_ws/build/my_bot
[0.257s] Invoked command in '/home/jagroop/dev_ws/build/my_bot' returned '0': CMAKE_PREFIX_PATH=${CMAKE_PREFIX_PATH}:/opt/ros/foxy /usr/bin/cmake /home/jagroop/dev_ws -DCMAKE_INSTALL_PREFIX=/home/jagroop/dev_ws/install/my_bot
[0.260s] Invoking command in '/home/jagroop/dev_ws/build/my_bot': CMAKE_PREFIX_PATH=${CMAKE_PREFIX_PATH}:/opt/ros/foxy /usr/bin/cmake --build /home/jagroop/dev_ws/build/my_bot -- -j12 -l12
[0.287s] Invoked command in '/home/jagroop/dev_ws/build/my_bot' returned '0': CMAKE_PREFIX_PATH=${CMAKE_PREFIX_PATH}:/opt/ros/foxy /usr/bin/cmake --build /home/jagroop/dev_ws/build/my_bot -- -j12 -l12
[0.299s] Invoking command in '/home/jagroop/dev_ws/build/my_bot': CMAKE_PREFIX_PATH=${CMAKE_PREFIX_PATH}:/opt/ros/foxy /usr/bin/cmake --install /home/jagroop/dev_ws/build/my_bot
[0.303s] -- Install configuration: ""
[0.303s] -- Execute custom install script
[0.303s] -- Up-to-date symlink: /home/jagroop/dev_ws/install/my_bot/share/my_bot/config/drive_bot.rviz
[0.304s] -- Up-to-date symlink: /home/jagroop/dev_ws/install/my_bot/share/my_bot/config/empty.yaml
[0.304s] -- Up-to-date symlink: /home/jagroop/dev_ws/install/my_bot/share/my_bot/config/view_bot.rviz
[0.304s] -- Up-to-date symlink: /home/jagroop/dev_ws/install/my_bot/share/my_bot/description/gazebo_control.xacro
[0.304s] -- Up-to-date symlink: /home/jagroop/dev_ws/install/my_bot/share/my_bot/description/inertial_macros.xacro
[0.304s] -- Up-to-date symlink: /home/jagroop/dev_ws/install/my_bot/share/my_bot/description/meshes/base_link.STL
[0.304s] -- Up-to-date symlink: /home/jagroop/dev_ws/install/my_bot/share/my_bot/description/meshes/camera_link.STL
[0.304s] -- Up-to-date symlink: /home/jagroop/dev_ws/install/my_bot/share/my_bot/description/meshes/caster_wheel.STL
[0.304s] -- Up-to-date symlink: /home/jagroop/dev_ws/install/my_bot/share/my_bot/description/meshes/laser_frame.STL
[0.304s] -- Up-to-date symlink: /home/jagroop/dev_ws/install/my_bot/share/my_bot/description/meshes/left_wheel.STL
[0.305s] -- Up-to-date symlink: /home/jagroop/dev_ws/install/my_bot/share/my_bot/description/meshes/right_wheel.STL
[0.305s] -- Up-to-date symlink: /home/jagroop/dev_ws/install/my_bot/share/my_bot/description/robot.urdf.xacro
[0.305s] -- Up-to-date symlink: /home/jagroop/dev_ws/install/my_bot/share/my_bot/description/robot_core.xacro
[0.305s] -- Up-to-date symlink: /home/jagroop/dev_ws/install/my_bot/share/my_bot/launch/launch_sim.launch.py
[0.305s] -- Up-to-date symlink: /home/jagroop/dev_ws/install/my_bot/share/my_bot/launch/rsp.launch.py
[0.305s] -- Up-to-date symlink: /home/jagroop/dev_ws/install/my_bot/share/my_bot/worlds/empty.world
[0.305s] -- Up-to-date symlink: /home/jagroop/dev_ws/install/my_bot/share/my_bot/worlds/obstacle.world
[0.305s] -- Up-to-date symlink: /home/jagroop/dev_ws/install/my_bot/share/ament_index/resource_index/package_run_dependencies/my_bot
[0.306s] -- Up-to-date symlink: /home/jagroop/dev_ws/install/my_bot/share/ament_index/resource_index/parent_prefix_path/my_bot
[0.306s] -- Up-to-date symlink: /home/jagroop/dev_ws/install/my_bot/share/my_bot/environment/ament_prefix_path.sh
[0.306s] -- Up-to-date symlink: /home/jagroop/dev_ws/install/my_bot/share/my_bot/environment/ament_prefix_path.dsv
[0.306s] -- Up-to-date symlink: /home/jagroop/dev_ws/install/my_bot/share/my_bot/environment/path.sh
[0.306s] -- Up-to-date symlink: /home/jagroop/dev_ws/install/my_bot/share/my_bot/environment/path.dsv
[0.306s] -- Up-to-date symlink: /home/jagroop/dev_ws/install/my_bot/share/my_bot/local_setup.bash
[0.306s] -- Up-to-date symlink: /home/jagroop/dev_ws/install/my_bot/share/my_bot/local_setup.sh
[0.306s] -- Up-to-date symlink: /home/jagroop/dev_ws/install/my_bot/share/my_bot/local_setup.zsh
[0.307s] -- Up-to-date symlink: /home/jagroop/dev_ws/install/my_bot/share/my_bot/local_setup.dsv
[0.307s] -- Symlinking: /home/jagroop/dev_ws/install/my_bot/share/my_bot/package.dsv
[0.315s] -- Up-to-date symlink: /home/jagroop/dev_ws/install/my_bot/share/ament_index/resource_index/packages/my_bot
[0.315s] -- Up-to-date symlink: /home/jagroop/dev_ws/install/my_bot/share/my_bot/cmake/my_botConfig.cmake
[0.315s] -- Up-to-date symlink: /home/jagroop/dev_ws/install/my_bot/share/my_bot/cmake/my_botConfig-version.cmake
[0.315s] -- Up-to-date symlink: /home/jagroop/dev_ws/install/my_bot/share/my_bot/package.xml
[0.317s] Invoked command in '/home/jagroop/dev_ws/build/my_bot' returned '0': CMAKE_PREFIX_PATH=${CMAKE_PREFIX_PATH}:/opt/ros/foxy /usr/bin/cmake --install /home/jagroop/dev_ws/build/my_bot
